[debug] [2026-03-18T05:41:37.927Z] ----------------------------------------------------------------------
[debug] [2026-03-18T05:41:37.932Z] Command:       /usr/local/bin/node /Users/emgo/.npm/_npx/7750544ccf494d8b/node_modules/.bin/firebase init functions --project longeviclinics-prod-543210 --non-interactive
[debug] [2026-03-18T05:41:37.932Z] CLI Version:   15.10.1
[debug] [2026-03-18T05:41:37.933Z] Platform:      darwin
[debug] [2026-03-18T05:41:37.933Z] Node Version:  v24.14.0
[debug] [2026-03-18T05:41:37.933Z] Time:          Tue Mar 17 2026 23:41:37 GMT-0600 (hora estándar central)
[debug] [2026-03-18T05:41:37.933Z] ----------------------------------------------------------------------
[debug] 
[info] 
     ######## #### ########  ######## ########     ###     ######  ########
     ##        ##  ##     ## ##       ##     ##  ##   ##  ##       ##
     ######    ##  ########  ######   ########  #########  ######  ######
     ##        ##  ##    ##  ##       ##     ## ##     ##       ## ##
     ##       #### ##     ## ######## ########  ##     ##  ######  ########

You're about to initialize a Firebase project in this directory:

  /Users/emgo/Antigrav

Before we get started, keep in mind:

  * You are initializing within an existing Firebase project directory

[info] 
=== Project Setup
[info] 
[info] First, let's associate this project directory with a Firebase project.
[info] You can create multiple project aliases by running firebase use --add, 
[info] 
[debug] [2026-03-18T05:41:40.342Z] > command requires scopes: ["email","openid","https://www.googleapis.com/auth/cloudplatformprojects.readonly","https://www.googleapis.com/auth/firebase","https://www.googleapis.com/auth/cloud-platform"]
[debug] [2026-03-18T05:41:40.342Z] > authorizing via signed-in user (emanuel36.eg@gmail.com)
[debug] [2026-03-18T05:41:40.344Z] Checked if tokens are valid: true, expires at: 1773815093311
[debug] [2026-03-18T05:41:40.344Z] Checked if tokens are valid: true, expires at: 1773815093311
[debug] [2026-03-18T05:41:40.345Z] >>> [apiv2][query] GET https://firebase.googleapis.com/v1beta1/projects/longeviclinics-prod-543210 [none]
[debug] [2026-03-18T05:41:40.816Z] <<< [apiv2][status] GET https://firebase.googleapis.com/v1beta1/projects/longeviclinics-prod-543210 200
[debug] [2026-03-18T05:41:40.816Z] <<< [apiv2][body] GET https://firebase.googleapis.com/v1beta1/projects/longeviclinics-prod-543210 {"projectId":"longeviclinics-prod-543210","projectNumber":"692757472992","displayName":"Longeviclinics Prod","name":"projects/longeviclinics-prod-543210","resources":{"hostingSite":"longeviclinics-prod-543210"},"state":"ACTIVE","etag":"1_44b7f174-91e3-4aa2-97a5-75523f665a37"}
[info] i  Using project longeviclinics-prod-543210 (Longeviclinics Prod) . 
[info] 
=== Functions Setup
[debug] [2026-03-18T05:41:40.878Z] > command requires scopes: ["email","openid","https://www.googleapis.com/auth/cloudplatformprojects.readonly","https://www.googleapis.com/auth/firebase","https://www.googleapis.com/auth/cloud-platform"]
[debug] [2026-03-18T05:41:40.878Z] > authorizing via signed-in user (emanuel36.eg@gmail.com)
[debug] [2026-03-18T05:41:40.878Z] [iam] checking project longeviclinics-prod-543210 for permissions ["firebase.projects.get"]
[debug] [2026-03-18T05:41:40.878Z] Checked if tokens are valid: true, expires at: 1773815093311
[debug] [2026-03-18T05:41:40.878Z] Checked if tokens are valid: true, expires at: 1773815093311
[debug] [2026-03-18T05:41:40.878Z] >>> [apiv2][query] POST https://cloudresourcemanager.googleapis.com/v1/projects/longeviclinics-prod-543210:testIamPermissions [none]
[debug] [2026-03-18T05:41:40.878Z] >>> [apiv2][(partial)header] POST https://cloudresourcemanager.googleapis.com/v1/projects/longeviclinics-prod-543210:testIamPermissions  x-goog-user-project=longeviclinics-prod-543210
[debug] [2026-03-18T05:41:40.878Z] >>> [apiv2][body] POST https://cloudresourcemanager.googleapis.com/v1/projects/longeviclinics-prod-543210:testIamPermissions {"permissions":["firebase.projects.get"]}
[debug] [2026-03-18T05:41:41.391Z] <<< [apiv2][status] POST https://cloudresourcemanager.googleapis.com/v1/projects/longeviclinics-prod-543210:testIamPermissions 200
[debug] [2026-03-18T05:41:41.391Z] <<< [apiv2][body] POST https://cloudresourcemanager.googleapis.com/v1/projects/longeviclinics-prod-543210:testIamPermissions {"permissions":["firebase.projects.get"]}
[debug] [2026-03-18T05:41:41.391Z] Checked if tokens are valid: true, expires at: 1773815093311
[debug] [2026-03-18T05:41:41.391Z] Checked if tokens are valid: true, expires at: 1773815093311
[debug] [2026-03-18T05:41:41.392Z] Checked if tokens are valid: true, expires at: 1773815093311
[debug] [2026-03-18T05:41:41.392Z] Checked if tokens are valid: true, expires at: 1773815093311
[debug] [2026-03-18T05:41:41.392Z] >>> [apiv2][query] GET https://serviceusage.googleapis.com/v1/projects/longeviclinics-prod-543210/services/cloudfunctions.googleapis.com [none]
[debug] [2026-03-18T05:41:41.392Z] >>> [apiv2][(partial)header] GET https://serviceusage.googleapis.com/v1/projects/longeviclinics-prod-543210/services/cloudfunctions.googleapis.com  x-goog-user-project=longeviclinics-prod-543210
[debug] [2026-03-18T05:41:41.393Z] >>> [apiv2][query] GET https://serviceusage.googleapis.com/v1/projects/longeviclinics-prod-543210/services/runtimeconfig.googleapis.com [none]
[debug] [2026-03-18T05:41:41.393Z] >>> [apiv2][(partial)header] GET https://serviceusage.googleapis.com/v1/projects/longeviclinics-prod-543210/services/runtimeconfig.googleapis.com  x-goog-user-project=longeviclinics-prod-543210
[debug] [2026-03-18T05:41:42.106Z] <<< [apiv2][status] GET https://serviceusage.googleapis.com/v1/projects/longeviclinics-prod-543210/services/runtimeconfig.googleapis.com 200
[debug] [2026-03-18T05:41:42.106Z] <<< [apiv2][body] GET https://serviceusage.googleapis.com/v1/projects/longeviclinics-prod-543210/services/runtimeconfig.googleapis.com [omitted]
[debug] [2026-03-18T05:41:42.122Z] <<< [apiv2][status] GET https://serviceusage.googleapis.com/v1/projects/longeviclinics-prod-543210/services/cloudfunctions.googleapis.com 200
[debug] [2026-03-18T05:41:42.122Z] <<< [apiv2][body] GET https://serviceusage.googleapis.com/v1/projects/longeviclinics-prod-543210/services/cloudfunctions.googleapis.com [omitted]
[debug] [2026-03-18T05:41:42.122Z] Checked if tokens are valid: true, expires at: 1773815093311
[debug] [2026-03-18T05:41:42.123Z] Checked if tokens are valid: true, expires at: 1773815093311
[debug] [2026-03-18T05:41:42.123Z] >>> [apiv2][query] POST https://serviceusage.googleapis.com/v1/projects/longeviclinics-prod-543210/services/cloudfunctions.googleapis.com:enable [none]
[debug] [2026-03-18T05:41:42.123Z] >>> [apiv2][(partial)header] POST https://serviceusage.googleapis.com/v1/projects/longeviclinics-prod-543210/services/cloudfunctions.googleapis.com:enable  x-goog-user-project=longeviclinics-prod-543210
[debug] [2026-03-18T05:41:42.535Z] <<< [apiv2][status] POST https://serviceusage.googleapis.com/v1/projects/longeviclinics-prod-543210/services/cloudfunctions.googleapis.com:enable 200
[debug] [2026-03-18T05:41:42.536Z] <<< [apiv2][body] POST https://serviceusage.googleapis.com/v1/projects/longeviclinics-prod-543210/services/cloudfunctions.googleapis.com:enable [omitted]
[info] Let's create a new codebase for your functions.
[info] A directory corresponding to the codebase will be created in your project
[info] with sample code pre-configured.

[info] See https://firebase.google.com/docs/functions/organize-functions for
[info] more information on organizing your functions using codebases.

[info] Functions can be deployed with firebase deploy.

[debug] [2026-03-18T05:52:24.464Z] ExitPromptError: User force closed the prompt with SIGINT
    at Interface.sigint (/Users/emgo/.npm/_npx/7750544ccf494d8b/node_modules/@inquirer/core/dist/commonjs/lib/create-prompt.js:101:37)
    at Interface.emit (node:events:508:28)
    at [_ttyWrite] [as _ttyWrite] (node:internal/readline/interface:1327:18)
    at ReadStream.onkeypress (node:internal/readline/interface:284:20)
    at ReadStream.emit (node:events:520:35)
    at emitKeys (node:internal/readline/utils:371:14)
    at emitKeys.next (<anonymous>)
    at ReadStream.onData (node:internal/readline/emitKeypressEvents:64:36)
    at ReadStream.emit (node:events:508:28)
    at addChunk (node:internal/streams/readable:563:12)
[error] 
[error] Error: An unexpected error has occurred.
[debug] [2026-03-18T05:52:30.712Z] ----------------------------------------------------------------------
[debug] [2026-03-18T05:52:30.716Z] Command:       /usr/local/bin/node /Users/emgo/.npm/_npx/7750544ccf494d8b/node_modules/.bin/firebase init functions --project longeviclinics-prod-543210 --non-interactive --json
[debug] [2026-03-18T05:52:30.717Z] CLI Version:   15.10.1
[debug] [2026-03-18T05:52:30.717Z] Platform:      darwin
[debug] [2026-03-18T05:52:30.717Z] Node Version:  v24.14.0
[debug] [2026-03-18T05:52:30.717Z] Time:          Tue Mar 17 2026 23:52:30 GMT-0600 (hora estándar central)
[debug] [2026-03-18T05:52:30.717Z] ----------------------------------------------------------------------
[debug] 
[info] 
     ######## #### ########  ######## ########     ###     ######  ########
     ##        ##  ##     ## ##       ##     ##  ##   ##  ##       ##
     ######    ##  ########  ######   ########  #########  ######  ######
     ##        ##  ##    ##  ##       ##     ## ##     ##       ## ##
     ##       #### ##     ## ######## ########  ##     ##  ######  ########

You're about to initialize a Firebase project in this directory:

  /Users/emgo/Antigrav

Before we get started, keep in mind:

  * You are initializing within an existing Firebase project directory

[info] 
=== Project Setup
[info] 
[info] First, let's associate this project directory with a Firebase project.
[info] You can create multiple project aliases by running firebase use --add, 
[info] 
[debug] [2026-03-18T05:52:33.362Z] > command requires scopes: ["email","openid","https://www.googleapis.com/auth/cloudplatformprojects.readonly","https://www.googleapis.com/auth/firebase","https://www.googleapis.com/auth/cloud-platform"]
[debug] [2026-03-18T05:52:33.362Z] > authorizing via signed-in user (emanuel36.eg@gmail.com)
[debug] [2026-03-18T05:52:33.363Z] Checked if tokens are valid: true, expires at: 1773815093311
[debug] [2026-03-18T05:52:33.363Z] Checked if tokens are valid: true, expires at: 1773815093311
[debug] [2026-03-18T05:52:33.364Z] >>> [apiv2][query] GET https://firebase.googleapis.com/v1beta1/projects/longeviclinics-prod-543210 [none]
[debug] [2026-03-18T05:52:33.807Z] <<< [apiv2][status] GET https://firebase.googleapis.com/v1beta1/projects/longeviclinics-prod-543210 200
[debug] [2026-03-18T05:52:33.807Z] <<< [apiv2][body] GET https://firebase.googleapis.com/v1beta1/projects/longeviclinics-prod-543210 {"projectId":"longeviclinics-prod-543210","projectNumber":"692757472992","displayName":"Longeviclinics Prod","name":"projects/longeviclinics-prod-543210","resources":{"hostingSite":"longeviclinics-prod-543210"},"state":"ACTIVE","etag":"1_44b7f174-91e3-4aa2-97a5-75523f665a37"}
[info] i  Using project longeviclinics-prod-543210 (Longeviclinics Prod) . 
[info] 
=== Functions Setup
[debug] [2026-03-18T05:52:33.829Z] > command requires scopes: ["email","openid","https://www.googleapis.com/auth/cloudplatformprojects.readonly","https://www.googleapis.com/auth/firebase","https://www.googleapis.com/auth/cloud-platform"]
[debug] [2026-03-18T05:52:33.829Z] > authorizing via signed-in user (emanuel36.eg@gmail.com)
[debug] [2026-03-18T05:52:33.829Z] [iam] checking project longeviclinics-prod-543210 for permissions ["firebase.projects.get"]
[debug] [2026-03-18T05:52:33.830Z] Checked if tokens are valid: true, expires at: 1773815093311
[debug] [2026-03-18T05:52:33.830Z] Checked if tokens are valid: true, expires at: 1773815093311
[debug] [2026-03-18T05:52:33.830Z] >>> [apiv2][query] POST https://cloudresourcemanager.googleapis.com/v1/projects/longeviclinics-prod-543210:testIamPermissions [none]
[debug] [2026-03-18T05:52:33.830Z] >>> [apiv2][(partial)header] POST https://cloudresourcemanager.googleapis.com/v1/projects/longeviclinics-prod-543210:testIamPermissions  x-goog-user-project=longeviclinics-prod-543210
[debug] [2026-03-18T05:52:33.830Z] >>> [apiv2][body] POST https://cloudresourcemanager.googleapis.com/v1/projects/longeviclinics-prod-543210:testIamPermissions {"permissions":["firebase.projects.get"]}
[debug] [2026-03-18T05:52:34.498Z] <<< [apiv2][status] POST https://cloudresourcemanager.googleapis.com/v1/projects/longeviclinics-prod-543210:testIamPermissions 200
[debug] [2026-03-18T05:52:34.498Z] <<< [apiv2][body] POST https://cloudresourcemanager.googleapis.com/v1/projects/longeviclinics-prod-543210:testIamPermissions {"permissions":["firebase.projects.get"]}
[info] Let's create a new codebase for your functions.
[info] A directory corresponding to the codebase will be created in your project
[info] with sample code pre-configured.

[info] See https://firebase.google.com/docs/functions/organize-functions for
[info] more information on organizing your functions using codebases.

[info] Functions can be deployed with firebase deploy.

